{
  "/Users/bellakoletic/projects/hi/src/index.ts": {
    "path": "/Users/bellakoletic/projects/hi/src/index.ts",
    "all": false,
    "statementMap": {
      "0": { "start": { "line": 1, "column": 0 }, "end": { "line": 1, "column": 66 } },
      "1": { "start": { "line": 2, "column": 0 }, "end": { "line": 2, "column": 31 } },
      "2": { "start": { "line": 3, "column": 0 }, "end": { "line": 3, "column": 1 } },
      "4": { "start": { "line": 5, "column": 0 }, "end": { "line": 5, "column": 30 } },
      "7": { "start": { "line": 8, "column": 0 }, "end": { "line": 8, "column": 29 } },
      "8": { "start": { "line": 9, "column": 0 }, "end": { "line": 9, "column": 1 } }
    },
    "s": { "0": 1, "1": 2, "2": 2, "4": 1, "7": 0, "8": 0 },
    "branchMap": {
      "0": {
        "type": "branch",
        "line": 5,
        "loc": { "start": { "line": 5, "column": 29 }, "end": { "line": 9, "column": 1 } },
        "locations": [{ "start": { "line": 5, "column": 29 }, "end": { "line": 9, "column": 1 } }]
      },
      "1": {
        "type": "branch",
        "line": 1,
        "loc": { "start": { "line": 1, "column": 7 }, "end": { "line": 3, "column": 1 } },
        "locations": [{ "start": { "line": 1, "column": 7 }, "end": { "line": 3, "column": 1 } }]
      }
    },
    "b": { "0": [0], "1": [2] },
    "fnMap": {
      "0": {
        "name": "getGreeting",
        "decl": { "start": { "line": 1, "column": 7 }, "end": { "line": 3, "column": 1 } },
        "loc": { "start": { "line": 1, "column": 7 }, "end": { "line": 3, "column": 1 } },
        "line": 1
      }
    },
    "f": { "0": 2 }
  },
  "/Users/bellakoletic/projects/hi/src/main.ts": {
    "path": "/Users/bellakoletic/projects/hi/src/main.ts",
    "all": true,
    "statementMap": {
      "0": { "start": { "line": 1, "column": 0 }, "end": { "line": 1, "column": 23 } },
      "1": { "start": { "line": 2, "column": 0 }, "end": { "line": 2, "column": 52 } },
      "2": { "start": { "line": 3, "column": 0 }, "end": { "line": 3, "column": 24 } },
      "3": { "start": { "line": 4, "column": 0 }, "end": { "line": 4, "column": 1 } },
      "5": { "start": { "line": 6, "column": 0 }, "end": { "line": 6, "column": 7 } }
    },
    "s": { "0": 0, "1": 0, "2": 0, "3": 0, "5": 0 },
    "branchMap": {
      "0": {
        "type": "branch",
        "line": 1,
        "loc": { "start": { "line": 1, "column": 112 }, "end": { "line": 6, "column": 7 } },
        "locations": [{ "start": { "line": 1, "column": 112 }, "end": { "line": 6, "column": 7 } }]
      }
    },
    "b": { "0": [0] },
    "fnMap": {
      "0": {
        "name": "(empty-report)",
        "decl": { "start": { "line": 1, "column": 112 }, "end": { "line": 6, "column": 7 } },
        "loc": { "start": { "line": 1, "column": 112 }, "end": { "line": 6, "column": 7 } },
        "line": 1
      }
    },
    "f": { "0": 0 }
  }
}
